<?xml version="1.0" encoding="UTF-8"?>
<!-- Generated by org.testng.reporters.JUnitReportReporter -->
<testsuite skipped="0" hostname="DESKTOP-8QTENKU" name="com.example.demo.Prefix.PrefixTest" tests="1" failures="0" timestamp="2022-06-29T17:03:24 IST" time="0.014" errors="0">
  <testcase name="prefixTest" time="0.014" classname="com.example.demo.Prefix.PrefixTest"/>
  <system-out/>
</testsuite> <!-- com.example.demo.Prefix.PrefixTest -->
